<?xml version="1.0" encoding="UTF-8"?>
<!-- Generated by org.testng.reporters.JUnitXMLReporter -->
<testsuite hostname="DESKTOP-HQ8D4NL" ignored="0" name="Test" tests="3" failures="0" timestamp="16 Apr 2022 23:06:17 GMT" time="77.831" errors="0">
  <testcase name="test3" time="54.363" classname="remoteTesting.dockerValidation.chromeTest3"/>
  <testcase name="test1" time="54.448" classname="remoteTesting.dockerValidation.chromeTest1"/>
  <testcase name="test2" time="62.541" classname="remoteTesting.dockerValidation.chromeTest2"/>
</testsuite> <!-- Test -->
